
=== Fri Jan  6 20:21:06 2023

Packages were changed.
Update Mode: mergeDefaultDependencies

The following packages were added:
  com.unity.collab-proxy@1.11.2
  com.unity.ide.rider@2.0.7
  com.unity.ide.visualstudio@2.0.11
  com.unity.ide.vscode@1.2.4
  com.unity.modules.ai@1.0.0
  com.unity.modules.androidjni@1.0.0
  com.unity.modules.animation@1.0.0
  com.unity.modules.assetbundle@1.0.0
  com.unity.modules.audio@1.0.0
  com.unity.modules.autostreaming@1.0.0
  com.unity.modules.cloth@1.0.0
  com.unity.modules.director@1.0.0
  com.unity.modules.imageconversion@1.0.0
  com.unity.modules.imgui@1.0.0
  com.unity.modules.jsonserialize@1.0.0
  com.unity.modules.particlesystem@1.0.0
  com.unity.modules.physics@1.0.0
  com.unity.modules.physics2d@1.0.0
  com.unity.modules.screencapture@1.0.0
  com.unity.modules.terrain@1.0.0
  com.unity.modules.terrainphysics@1.0.0
  com.unity.modules.tilemap@1.0.0
  com.unity.modules.ui@1.0.0
  com.unity.modules.uielements@1.0.0
  com.unity.modules.umbra@1.0.0
  com.unity.modules.unityanalytics@1.0.0
  com.unity.modules.unitywebrequest@1.0.0
  com.unity.modules.unitywebrequestassetbundle@1.0.0
  com.unity.modules.unitywebrequestaudio@1.0.0
  com.unity.modules.unitywebrequesttexture@1.0.0
  com.unity.modules.unitywebrequestwww@1.0.0
  com.unity.modules.vehicles@1.0.0
  com.unity.modules.video@1.0.0
  com.unity.modules.vr@1.0.0
  com.unity.modules.wind@1.0.0
  com.unity.modules.xr@1.0.0
  com.unity.test-framework@1.1.29
  com.unity.textmeshpro@3.0.6
  com.unity.timeline@1.4.8
  com.unity.ugui@1.0.0
The following packages were updated:
  com.unity.2d.animation from version 5.0.1 to 5.0.7
  com.unity.2d.psdimporter from version 4.0.1 to 4.1.0
  com.unity.2d.spriteshape from version 5.0.1 to 5.1.4

=== Sat Jul  8 22:41:49 2023

Packages were changed.
Update Mode: updateDependencies

The following packages were 已更新:
  com.unity.2d.animation 从版本 5.0.7 到 7.0.10
  com.unity.2d.pixel-perfect 从版本 4.0.1 到 5.0.3
  com.unity.2d.psdimporter 从版本 4.1.0 到 6.0.7
  com.unity.2d.spriteshape 从版本 5.1.4 到 7.0.7
  com.unity.collab-proxy 从版本 1.11.2 到 2.0.3
  com.unity.ide.rider 从版本 2.0.7 到 3.0.18
  com.unity.postprocessing 从版本 3.1.1 到 3.2.2
  com.unity.test-framework 从版本 1.1.29 到 1.1.31
  com.unity.timeline 从版本 1.4.8 到 1.6.4
